<?xml version="1.0" encoding="UTF-8"?>
<!-- Generated by org.testng.reporters.JUnitReportReporter -->
<testsuite hostname="360NDCLP034" name="com.edgenuity.config.ConfigurationReader" tests="1" failures="0" timestamp="21 Jan 2020 21:19:52 GMT" time="1.021" errors="0">
  <testcase name="configreader" time="1.021" classname="com.edgenuity.config.ConfigurationReader"/>
</testsuite> <!-- com.edgenuity.config.ConfigurationReader -->
