<?xml version="1.0" encoding="UTF-8"?>
<!-- Generated by org.testng.reporters.JUnitReportReporter -->
<testsuite hostname="360NDCLP034" name="com.edgenuity.tests.WelcomePageTests" tests="2" failures="0" timestamp="8 Jan 2020 13:15:11 GMT" time="32.239" errors="0">
  <testcase name="browserstart" time="3.099" classname="com.edgenuity.tests.WelcomePageTests"/>
  <testcase name="OpenURLApp" time="29.140" classname="com.edgenuity.tests.WelcomePageTests"/>
</testsuite> <!-- com.edgenuity.tests.WelcomePageTests -->
