<?xml version="1.0" encoding="UTF-8"?>
<!-- Generated by org.testng.reporters.JUnitReportReporter -->
<testsuite hostname="360NDCLP034" name="com.edgenuity.base.TestDriver" tests="1" failures="0" timestamp="16 Jan 2020 21:01:07 GMT" time="11.810" errors="0">
  <testcase name="browserstart" time="11.810" classname="com.edgenuity.base.TestDriver"/>
</testsuite> <!-- com.edgenuity.base.TestDriver -->
