<?xml version="1.0" encoding="UTF-8"?>
<!-- Generated by org.testng.reporters.JUnitReportReporter -->
<testsuite hostname="360NDCLP034" name="com.edgenuity.tests.EducatorLoginPageTest" tests="1" failures="0" timestamp="22 Jan 2020 19:38:30 GMT" time="2.648" errors="0">
  <testcase name="login" time="2.648" classname="com.edgenuity.tests.EducatorLoginPageTest"/>
</testsuite> <!-- com.edgenuity.tests.EducatorLoginPageTest -->
